<?xml version="1.0" encoding="UTF-8" ?>
<testsuite errors="0" failures="0" hostname="A2ML16673" name="devops.numbers.NumberWordsTests" skipped="0" tests="8" time="0.125" timestamp="2018-11-15T02:57:38">
  <properties>
    <property name="ant.project.invoked-targets" value="compile,test,dist" />
    <property name="java.runtime.name" value="Java(TM) SE Runtime Environment" />
    <property name="sun.boot.library.path" value="C:\Program Files\Java\jre1.8.0_144\bin" />
    <property name="java.vm.version" value="25.144-b01" />
    <property name="ant.library.dir" value="C:\Softwares\eclipse-SDK-4.6.2-win32-x86_64\eclipse\plugins\org.apache.ant_1.9.6.v201510161327\lib" />
    <property name="ant.file.Numbers" value="D:\DevOps\devops-project-3\Numbers\build.xml" />
    <property name="ant.version" value="Apache Ant(TM) version 1.9.6 compiled on June 29 2015" />
    <property name="ant.java.version" value="1.8" />
    <property name="java.vm.vendor" value="Oracle Corporation" />
    <property name="java.vendor.url" value="http://java.oracle.com/" />
    <property name="path.separator" value=";" />
    <property name="java.vm.name" value="Java HotSpot(TM) 64-Bit Server VM" />
    <property name="file.encoding.pkg" value="sun.io" />
    <property name="user.script" value="" />
    <property name="user.country" value="US" />
    <property name="sun.java.launcher" value="SUN_STANDARD" />
    <property name="sun.os.patch.level" value="" />
    <property name="java.vm.specification.name" value="Java Virtual Machine Specification" />
    <property name="user.dir" value="D:\DevOps\devops-project-3\Numbers" />
    <property name="java.runtime.version" value="1.8.0_144-b01" />
    <property name="java.awt.graphicsenv" value="sun.awt.Win32GraphicsEnvironment" />
    <property name="eclipse.pdebuild.scripts" value="/C:/Softwares/eclipse-SDK-4.6.2-win32-x86_64/eclipse/plugins/org.eclipse.pde.build_3.9.200.v20160204-0642/scripts/" />
    <property name="basedir" value="D:\DevOps\devops-project-3\Numbers" />
    <property name="java.endorsed.dirs" value="C:\Program Files\Java\jre1.8.0_144\lib\endorsed" />
    <property name="os.arch" value="amd64" />
    <property name="ant.project.default-target" value="compile" />
    <property name="java.io.tmpdir" value="C:\Users\M1039108\AppData\Local\Temp\" />
    <property name="ant.core.lib" value="C:\Softwares\eclipse-SDK-4.6.2-win32-x86_64\eclipse\plugins\org.apache.ant_1.9.6.v201510161327\lib\ant.jar" />
    <property name="line.separator" value="&#xd;&#xa;" />
    <property name="java.vm.specification.vendor" value="Oracle Corporation" />
    <property name="user.variant" value="" />
    <property name="os.name" value="Windows 10" />
    <property name="ant.home" value="C:\Softwares\eclipse-SDK-4.6.2-win32-x86_64\eclipse\plugins\org.apache.ant_1.9.6.v201510161327" />
    <property name="eclipse.pdebuild.templates" value="/C:/Softwares/eclipse-SDK-4.6.2-win32-x86_64/eclipse/plugins/org.eclipse.pde.build_3.9.200.v20160204-0642/templates/" />
    <property name="ant.project.name" value="Numbers" />
    <property name="sun.jnu.encoding" value="Cp1252" />
    <property name="java.library.path" value="C:\Program Files\Java\jre1.8.0_144\bin;C:\windows\Sun\Java\bin;C:\windows\system32;C:\windows;C:\Perl64\site\bin;C:\Perl64\bin;C:\ProgramData\Oracle\Java\javapath;C:\windows\system32;C:\windows;C:\windows\System32\Wbem;C:\windows\System32\WindowsPowerShell\v1.0\;C:\Perl64\bin;C:\Liferay\apache-maven-3.5.0\bin;C:\Program Files\nodejs\;C:\Program Files\PuTTY\;C:\Program Files (x86)\Windows Kits\8.1\Windows Performance Toolkit\;C:\Softwares\apache-ant-1.10.0-bin\apache-ant-1.10.0\bin;C:\Program Files (x86)\Microsoft VS Code\bin;C:\Program Files\Java\jdk1.8.0_144\bin;C:\Users\M1039108\AppData\Roaming\npm;C:\Program Files\Git\cmd;C:\Program Files\Git\bin;." />
    <property name="eclipse.pdebuild.home" value="/C:/Softwares/eclipse-SDK-4.6.2-win32-x86_64/eclipse/plugins/org.eclipse.pde.build_3.9.200.v20160204-0642/./" />
    <property name="java.class.version" value="52.0" />
    <property name="java.specification.name" value="Java Platform API Specification" />
    <property name="sun.management.compiler" value="HotSpot 64-Bit Tiered Compilers" />
    <property name="os.version" value="10.0" />
    <property name="ant.file" value="D:\DevOps\devops-project-3\Numbers\build.xml" />
    <property name="user.home" value="C:\Users\M1039108" />
    <property name="user.timezone" value="" />
    <property name="java.awt.printerjob" value="sun.awt.windows.WPrinterJob" />
    <property name="java.specification.version" value="1.8" />
    <property name="file.encoding" value="Cp1252" />
    <property name="ant.file.type.Numbers" value="file" />
    <property name="java.class.path" value="D:\DevOps\devops-project-3\Numbers\lib\test\hamcrest-core-1.3.jar;D:\DevOps\devops-project-3\Numbers\lib\test\junit-4.12.jar;D:\DevOps\devops-project-3\Numbers\bin;C:\Softwares\eclipse-SDK-4.6.2-win32-x86_64\eclipse\plugins\org.apache.ant_1.9.6.v201510161327\lib\ant-launcher.jar;C:\Softwares\eclipse-SDK-4.6.2-win32-x86_64\eclipse\plugins\org.apache.ant_1.9.6.v201510161327\lib\ant.jar;C:\Softwares\eclipse-SDK-4.6.2-win32-x86_64\eclipse\plugins\org.apache.ant_1.9.6.v201510161327\lib\ant-junit.jar;C:\Softwares\eclipse-SDK-4.6.2-win32-x86_64\eclipse\plugins\org.apache.ant_1.9.6.v201510161327\lib\ant-junit4.jar" />
    <property name="user.name" value="M1039108" />
    <property name="java.vm.specification.version" value="1.8" />
    <property name="sun.java.command" value="org.apache.tools.ant.taskdefs.optional.junit.JUnitTestRunner devops.numbers.NumberWordsTests skipNonTests=false filtertrace=true haltOnError=false haltOnFailure=true formatter=org.apache.tools.ant.taskdefs.optional.junit.SummaryJUnitResultFormatter showoutput=false outputtoformatters=true logfailedtests=true threadid=0 logtestlistenerevents=false formatter=org.apache.tools.ant.taskdefs.optional.junit.XMLJUnitResultFormatter,D:\DevOps\devops-project-3\Numbers\report\TEST-devops.numbers.NumberWordsTests.xml crashfile=D:\DevOps\devops-project-3\Numbers\junitvmwatcher1977401375850112598.properties propsfile=D:\DevOps\devops-project-3\Numbers\junit289104598247155033.properties" />
    <property name="sun.arch.data.model" value="64" />
    <property name="java.home" value="C:\Program Files\Java\jre1.8.0_144" />
    <property name="java.specification.vendor" value="Oracle Corporation" />
    <property name="user.language" value="en" />
    <property name="awt.toolkit" value="sun.awt.windows.WToolkit" />
    <property name="java.vm.info" value="mixed mode" />
    <property name="java.version" value="1.8.0_144" />
    <property name="java.ext.dirs" value="C:\Program Files\Java\jre1.8.0_144\lib\ext;C:\windows\Sun\Java\lib\ext" />
    <property name="sun.boot.class.path" value="C:\Program Files\Java\jre1.8.0_144\lib\resources.jar;C:\Program Files\Java\jre1.8.0_144\lib\rt.jar;C:\Program Files\Java\jre1.8.0_144\lib\sunrsasign.jar;C:\Program Files\Java\jre1.8.0_144\lib\jsse.jar;C:\Program Files\Java\jre1.8.0_144\lib\jce.jar;C:\Program Files\Java\jre1.8.0_144\lib\charsets.jar;C:\Program Files\Java\jre1.8.0_144\lib\jfr.jar;C:\Program Files\Java\jre1.8.0_144\classes" />
    <property name="java.vendor" value="Oracle Corporation" />
    <property name="file.separator" value="\" />
    <property name="jar" value="Numbers.jar" />
    <property name="java.vendor.url.bug" value="http://bugreport.sun.com/bugreport/" />
    <property name="sun.cpu.endian" value="little" />
    <property name="sun.io.unicode.encoding" value="UnicodeLittle" />
    <property name="main-class" value="devops.numbers.NumberWordsApplication" />
    <property name="sun.desktop" value="windows" />
    <property name="sun.cpu.isalist" value="amd64" />
  </properties>
  <testcase classname="devops.numbers.NumberWordsTests" name="numbertowords1" time="0.0" />
  <testcase classname="devops.numbers.NumberWordsTests" name="numbertowords2" time="0.0" />
  <testcase classname="devops.numbers.NumberWordsTests" name="numbertowords3" time="0.0" />
  <testcase classname="devops.numbers.NumberWordsTests" name="numbertowords4" time="0.0" />
  <testcase classname="devops.numbers.NumberWordsTests" name="numbertowords5" time="0.0" />
  <testcase classname="devops.numbers.NumberWordsTests" name="numbertowords6" time="0.0" />
  <testcase classname="devops.numbers.NumberWordsTests" name="numbertowords7" time="0.0" />
  <testcase classname="devops.numbers.NumberWordsTests" name="numberOutOfRangeReturnsError1" time="0.0" />
  <system-out><![CDATA[]]></system-out>
  <system-err><![CDATA[]]></system-err>
</testsuite>
